<?xml version="1.0" encoding="UTF-8"?>
<testsuite xmlns:xsi="http://www.w3.org/2001/XMLSchema-instance" xsi:noNamespaceSchemaLocation="https://maven.apache.org/surefire/maven-surefire-plugin/xsd/surefire-test-report-3.0.xsd" version="3.0" name="ru.api.tests.OrderCreationTest" time="5.609" tests="5" errors="0" skipped="0" failures="0">
  <properties>
[...]
</properties>
  <testcase name="createOrderWithInvalidIngredientsHash" classname="ru.api.tests.OrderCreationTest" time="2.082">
    <system-out><![CDATA[Пользователь успешно создан: user408b04@yandex.ru
Логин с данными - email: user408b04@yandex.ru, password: passc2e05b, name: User8238bc
Пользователь успешно вошел в систему
Проверка успешного создания заказа...
]]></system-out>
    <system-err><![CDATA[SLF4J: Failed to load class "org.slf4j.impl.StaticLoggerBinder".
SLF4J: Defaulting to no-operation (NOP) logger implementation
SLF4J: See http://www.slf4j.org/codes.html#StaticLoggerBinder for further details.
]]></system-err>
  </testcase>
  <testcase name="createOrderWithNoAuthorization" classname="ru.api.tests.OrderCreationTest" time="0.273">
    <system-out><![CDATA[Выполняется метод для проверки ошибки запроса создания заказа без авторизации, с ингредиентами...
HTTP/1.1 200 OK
Server: nginx/1.18.0 (Ubuntu)
Date: Sat, 22 Feb 2025 17:38:34 GMT
Content-Type: application/json; charset=utf-8
Content-Length: 114
Connection: keep-alive
X-Powered-By: Express
Access-Control-Allow-Origin: *
ETag: W/"72-cm492jClmkjth9tPHboPvnE9mYs"

{
    "success": true,
    "name": "Бессмертный флюоресцентный бургер",
    "order": {
        "number": 4239
    }
}
Метод для проверки ошибки кода и тела ответа при отсутствии авторизации создания заказа с ингредиентами отработал успешно
]]></system-out>
  </testcase>
  <testcase name="createOrderWithAuthorizationAndNoIngredients" classname="ru.api.tests.OrderCreationTest" time="0.491">
    <system-out><![CDATA[Пользователь успешно создан: user65264c@yandex.ru
Логин с данными - email: user65264c@yandex.ru, password: pass03c414, name: User588113
Пользователь успешно вошел в систему
Проверка успешного создания заказа...
HTTP/1.1 400 Bad Request
Server: nginx/1.18.0 (Ubuntu)
Date: Sat, 22 Feb 2025 17:38:34 GMT
Content-Type: application/json; charset=utf-8
Content-Length: 61
Connection: keep-alive
X-Powered-By: Express
Access-Control-Allow-Origin: *
ETag: W/"3d-2OjyVsQbcrSKTjJtjBJ5FY7GEPQ"

{
    "success": false,
    "message": "Ingredient ids must be provided"
}
]]></system-out>
  </testcase>
  <testcase name="createOrderWithNoAuthorizationAndIngredients" classname="ru.api.tests.OrderCreationTest" time="0.117">
    <system-out><![CDATA[HTTP/1.1 400 Bad Request
Server: nginx/1.18.0 (Ubuntu)
Date: Sat, 22 Feb 2025 17:38:34 GMT
Content-Type: application/json; charset=utf-8
Content-Length: 61
Connection: keep-alive
X-Powered-By: Express
Access-Control-Allow-Origin: *
ETag: W/"3d-2OjyVsQbcrSKTjJtjBJ5FY7GEPQ"

{
    "success": false,
    "message": "Ingredient ids must be provided"
}
]]></system-out>
  </testcase>
  <testcase name="createOrderWithAuthorization" classname="ru.api.tests.OrderCreationTest" time="2.589">
    <system-out><![CDATA[Пользователь успешно создан: user5953a9@yandex.ru
Логин с данными - email: user5953a9@yandex.ru, password: pass86de4c, name: User77e9e3
Пользователь успешно вошел в систему
Проверка успешного создания заказа...
HTTP/1.1 200 OK
Server: nginx/1.18.0 (Ubuntu)
Date: Sat, 22 Feb 2025 17:38:37 GMT
Content-Type: application/json; charset=utf-8
Content-Length: 1275
Connection: keep-alive
X-Powered-By: Express
Access-Control-Allow-Origin: *
ETag: W/"4fb-BB9nbILKXzK+wBZm2utOhLp2bbM"

{
    "success": true,
    "name": "Бессмертный флюоресцентный бургер",
    "order": {
        "ingredients": [
            {
                "_id": "61c0c5a71d1f82001bdaaa6d",
                "name": "Флюоресцентная булка R2-D3",
                "type": "bun",
                "proteins": 44,
                "fat": 26,
                "carbohydrates": 85,
                "calories": 643,
                "price": 988,
                "image": "https://code.s3.yandex.net/react/code/bun-01.png",
                "image_mobile": "https://code.s3.yandex.net/react/code/bun-01-mobile.png",
                "image_large": "https://code.s3.yandex.net/react/code/bun-01-large.png",
                "__v": 0
            },
            {
                "_id": "61c0c5a71d1f82001bdaaa6f",
                "name": "Мясо бессмертных моллюсков Protostomia",
                "type": "main",
                "proteins": 433,
                "fat": 244,
                "carbohydrates": 33,
                "calories": 420,
                "price": 1337,
                "image": "https://code.s3.yandex.net/react/code/meat-02.png",
                "image_mobile": "https://code.s3.yandex.net/react/code/meat-02-mobile.png",
                "image_large": "https://code.s3.yandex.net/react/code/meat-02-large.png",
                "__v": 0
            }
        ],
        "_id": "67ba0b9b9ed280001b581ba4",
        "owner": {
            "name": "User77e9e3",
            "email": "user5953a9@yandex.ru",
            "createdAt": "2025-02-22T17:38:35.054Z",
            "updatedAt": "2025-02-22T17:38:35.054Z"
        },
        "status": "done",
        "name": "Бессмертный флюоресцентный бургер",
        "createdAt": "2025-02-22T17:38:35.469Z",
        "updatedAt": "2025-02-22T17:38:36.714Z",
        "number": 185339,
        "price": 2325
    }
}
Проверка ответа успешного создания заказа...
Создание заказа проверено успешно
]]></system-out>
  </testcase>
</testsuite>