<?xml version="1.0" encoding="UTF-8"?>
<testsuite xmlns:xsi="http://www.w3.org/2001/XMLSchema-instance" xsi:noNamespaceSchemaLocation="https://maven.apache.org/surefire/maven-surefire-plugin/xsd/surefire-test-report-3.0.xsd" version="3.0" name="testApi.UserCreationTest" time="1.812" tests="5" errors="0" skipped="0" failures="0">
  <properties>
[...]
</properties>
  <testcase name="createUserWithoutRequiredFieldPassword" classname="testApi.UserCreationTest" time="0.09">
    <system-out><![CDATA[Response Code: 403
{
    "success": false,
    "message": "Email, password and name are required fields"
}
Response body:
{
    "success": false,
    "message": "Email, password and name are required fields"
}
]]></system-out>
  </testcase>
  <testcase name="createExistingUser" classname="testApi.UserCreationTest" time="0.767">
    <system-out><![CDATA[Пользователь успешно создан: user5d5980@yandex.ru
Response Code: 200
{
    "success": true,
    "user": {
        "email": "user5d5980@yandex.ru",
        "name": "User724f7b"
    },
    "accessToken": "Bearer eyJhbGciOiJIUzI1NiIsInR5cCI6IkpXVCJ9.eyJpZCI6IjY3OGI1NTgyOWVkMjgwMDAxYjU1MDViYiIsImlhdCI6MTczNzE4NDY0MiwiZXhwIjoxNzM3MTg1ODQyfQ.WFMsDmCuwcyaoFZXIShoEljF92ZHDl0Q5nGFByCTI2Y",
    "refreshToken": "1dd09d98e6eedf4b2a85ad58104173f52450369d864b35ebd8e3ac30cc214796ce4ddba57efe0387"
}
Response body:
{
    "success": true,
    "user": {
        "email": "user5d5980@yandex.ru",
        "name": "User724f7b"
    },
    "accessToken": "Bearer eyJhbGciOiJIUzI1NiIsInR5cCI6IkpXVCJ9.eyJpZCI6IjY3OGI1NTgyOWVkMjgwMDAxYjU1MDViYiIsImlhdCI6MTczNzE4NDY0MiwiZXhwIjoxNzM3MTg1ODQyfQ.WFMsDmCuwcyaoFZXIShoEljF92ZHDl0Q5nGFByCTI2Y",
    "refreshToken": "1dd09d98e6eedf4b2a85ad58104173f52450369d864b35ebd8e3ac30cc214796ce4ddba57efe0387"
}
Пользователь успешно создан: user5d5980@yandex.ru
Response Code: 403
{
    "success": false,
    "message": "User already exists"
}
Response body:
{
    "success": false,
    "message": "User already exists"
}
Delete Response Code: 202
{
    "success": true,
    "message": "User successfully removed"
}
Delete Response Body:
{
    "success": true,
    "message": "User successfully removed"
}
Пользователь успешно удален
]]></system-out>
  </testcase>
  <testcase name="createUserWithoutRequiredFieldName" classname="testApi.UserCreationTest" time="0.105">
    <system-out><![CDATA[Response Code: 403
{
    "success": false,
    "message": "Email, password and name are required fields"
}
Response body:
{
    "success": false,
    "message": "Email, password and name are required fields"
}
]]></system-out>
  </testcase>
  <testcase name="creationUniqueUser" classname="testApi.UserCreationTest" time="0.744">
    <system-out><![CDATA[Пользователь успешно создан: user5da9cf@yandex.ru
Response Code: 200
{
    "success": true,
    "user": {
        "email": "user5da9cf@yandex.ru",
        "name": "User7b21ef"
    },
    "accessToken": "Bearer eyJhbGciOiJIUzI1NiIsInR5cCI6IkpXVCJ9.eyJpZCI6IjY3OGI1NTgzOWVkMjgwMDAxYjU1MDViZCIsImlhdCI6MTczNzE4NDY0MywiZXhwIjoxNzM3MTg1ODQzfQ.70_gjdndWgtAXu0ZWXCiK1m1J7KpGjT1eFYp0GWuRPY",
    "refreshToken": "6d6fb28564e25316d1b5af29aa35edcfc59814163db07ed1184a155620bbdc6e747498c6a3db7426"
}
Response body:
{
    "success": true,
    "user": {
        "email": "user5da9cf@yandex.ru",
        "name": "User7b21ef"
    },
    "accessToken": "Bearer eyJhbGciOiJIUzI1NiIsInR5cCI6IkpXVCJ9.eyJpZCI6IjY3OGI1NTgzOWVkMjgwMDAxYjU1MDViZCIsImlhdCI6MTczNzE4NDY0MywiZXhwIjoxNzM3MTg1ODQzfQ.70_gjdndWgtAXu0ZWXCiK1m1J7KpGjT1eFYp0GWuRPY",
    "refreshToken": "6d6fb28564e25316d1b5af29aa35edcfc59814163db07ed1184a155620bbdc6e747498c6a3db7426"
}
Delete Response Code: 202
{
    "success": true,
    "message": "User successfully removed"
}
Delete Response Body:
{
    "success": true,
    "message": "User successfully removed"
}
Пользователь успешно удален
]]></system-out>
  </testcase>
  <testcase name="createUserWithoutRequiredFieldEmail" classname="testApi.UserCreationTest" time="0.102">
    <system-out><![CDATA[Response Code: 403
{
    "success": false,
    "message": "Email, password and name are required fields"
}
Response body:
{
    "success": false,
    "message": "Email, password and name are required fields"
}
]]></system-out>
  </testcase>
</testsuite>