<?xml version="1.0" encoding="UTF-8"?>
<testsuite xmlns:xsi="http://www.w3.org/2001/XMLSchema-instance" xsi:noNamespaceSchemaLocation="https://maven.apache.org/surefire/maven-surefire-plugin/xsd/surefire-test-report-3.0.xsd" version="3.0" name="ru.api.tests.UserOrdersTest" time="2.902" tests="2" errors="0" skipped="0" failures="0">
  <properties>
[...]
</properties>
  <testcase name="getUserOrdersWithAuthorization" classname="ru.api.tests.UserOrdersTest" time="2.792">
    <system-out><![CDATA[Пользователь успешно создан: user5b059c@yandex.ru
Логин с данными - email: user5b059c@yandex.ru, password: pass78ca0a, name: User0391dc
Пользователь успешно вошел в систему
Проверка успешного создания заказа...
HTTP/1.1 200 OK
Server: nginx/1.18.0 (Ubuntu)
Date: Sat, 22 Feb 2025 17:38:44 GMT
Content-Type: application/json; charset=utf-8
Content-Length: 1275
Connection: keep-alive
X-Powered-By: Express
Access-Control-Allow-Origin: *
ETag: W/"4fb-HI5vIOkEArNCEQTPqneRZFIoNEM"

{
    "success": true,
    "name": "Бессмертный флюоресцентный бургер",
    "order": {
        "ingredients": [
            {
                "_id": "61c0c5a71d1f82001bdaaa6d",
                "name": "Флюоресцентная булка R2-D3",
                "type": "bun",
                "proteins": 44,
                "fat": 26,
                "carbohydrates": 85,
                "calories": 643,
                "price": 988,
                "image": "https://code.s3.yandex.net/react/code/bun-01.png",
                "image_mobile": "https://code.s3.yandex.net/react/code/bun-01-mobile.png",
                "image_large": "https://code.s3.yandex.net/react/code/bun-01-large.png",
                "__v": 0
            },
            {
                "_id": "61c0c5a71d1f82001bdaaa6f",
                "name": "Мясо бессмертных моллюсков Protostomia",
                "type": "main",
                "proteins": 433,
                "fat": 244,
                "carbohydrates": 33,
                "calories": 420,
                "price": 1337,
                "image": "https://code.s3.yandex.net/react/code/meat-02.png",
                "image_mobile": "https://code.s3.yandex.net/react/code/meat-02-mobile.png",
                "image_large": "https://code.s3.yandex.net/react/code/meat-02-large.png",
                "__v": 0
            }
        ],
        "_id": "67ba0ba29ed280001b581bbf",
        "owner": {
            "name": "User0391dc",
            "email": "user5b059c@yandex.ru",
            "createdAt": "2025-02-22T17:38:41.941Z",
            "updatedAt": "2025-02-22T17:38:41.941Z"
        },
        "status": "done",
        "name": "Бессмертный флюоресцентный бургер",
        "createdAt": "2025-02-22T17:38:42.342Z",
        "updatedAt": "2025-02-22T17:38:43.492Z",
        "number": 185340,
        "price": 2325
    }
}
Выполняется метод для получения списка заказов авторизованного пользователя...
Request method:	GET
Request URI:	https://stellarburgers.nomoreparties.site/api/orders
Proxy:			<none>
Request params:	<none>
Query params:	<none>
Form params:	<none>
Path params:	<none>
Headers:		Authorization=Bearer eyJhbGciOiJIUzI1NiIsInR5cCI6IkpXVCJ9.eyJpZCI6IjY3YmEwYmExOWVkMjgwMDAxYjU4MWJiYyIsImlhdCI6MTc0MDI0NTkyMiwiZXhwIjoxNzQwMjQ3MTIyfQ.zVVleMptb5c8fFso146OTh78KscLiCkBRk9VQdRQ_IY
				Accept=*/*
Cookies:		<none>
Multiparts:		<none>
Body:			<none>
HTTP/1.1 200 OK
Server: nginx/1.18.0 (Ubuntu)
Date: Sat, 22 Feb 2025 17:38:44 GMT
Content-Type: application/json; charset=utf-8
Content-Length: 348
Connection: keep-alive
X-Powered-By: Express
Access-Control-Allow-Origin: *
ETag: W/"15c-q4TdOvXFsLtLBZdPTQCELEF7c6I"

{
    "success": true,
    "orders": [
        {
            "_id": "67ba0ba29ed280001b581bbf",
            "ingredients": [
                "61c0c5a71d1f82001bdaaa6d",
                "61c0c5a71d1f82001bdaaa6f"
            ],
            "status": "done",
            "name": "Бессмертный флюоресцентный бургер",
            "createdAt": "2025-02-22T17:38:42.342Z",
            "updatedAt": "2025-02-22T17:38:43.492Z",
            "number": 185340
        }
    ],
    "total": 185340,
    "totalToday": 609
}
Метод получения списка заказов пользователя отработал
]]></system-out>
  </testcase>
  <testcase name="createOrderAndGetUserOrdersWithoutAuthorization" classname="ru.api.tests.UserOrdersTest" time="0.107">
    <system-out><![CDATA[Выполняется метод проверки ошибки для получения списка заказов без авторизации...
Request method:	GET
Request URI:	https://stellarburgers.nomoreparties.site/api/orders
Proxy:			<none>
Request params:	<none>
Query params:	<none>
Form params:	<none>
Path params:	<none>
Headers:		Accept=*/*
Cookies:		<none>
Multiparts:		<none>
Body:			<none>
HTTP/1.1 401 Unauthorized
Server: nginx/1.18.0 (Ubuntu)
Date: Sat, 22 Feb 2025 17:38:44 GMT
Content-Type: application/json; charset=utf-8
Content-Length: 54
Connection: keep-alive
X-Powered-By: Express
Access-Control-Allow-Origin: *
ETag: W/"36-9ndkQYJpZ8s0sMN790Nuh0MLq/U"

{
    "success": false,
    "message": "You should be authorised"
}
Метод проверки ошибки для получения списка заказов без авторизации отработал
Проверка ответа об ошибке получения списка заказов без авторизации....
Проверка ответа об ошибке получения списка заказов без авторизации прошла успешно
]]></system-out>
  </testcase>
</testsuite>