<?xml version="1.0" encoding="UTF-8"?>
<testsuite xmlns:xsi="http://www.w3.org/2001/XMLSchema-instance" xsi:noNamespaceSchemaLocation="https://maven.apache.org/surefire/maven-surefire-plugin/xsd/surefire-test-report-3.0.xsd" version="3.0" name="testApi.UserOrdersTest" time="3.376" tests="2" errors="0" skipped="0" failures="0">
  <properties>
[...]
</properties>
  <testcase name="getUserOrdersWithAuthorization" classname="testApi.UserOrdersTest" time="3.274">
    <system-out><![CDATA[Пользователь успешно создан: usereb51ac@yandex.ru
Логин с данными - email: usereb51ac@yandex.ru, password: pass824bb6, name: Userf36f1e
Пользователь успешно вошел в систему
Проверка успешного создания заказа...
HTTP/1.1 200 OK
Server: nginx/1.18.0 (Ubuntu)
Date: Sat, 18 Jan 2025 07:17:34 GMT
Content-Type: application/json; charset=utf-8
Content-Length: 1259
Connection: keep-alive
X-Powered-By: Express
Access-Control-Allow-Origin: *
ETag: W/"4eb-UG+zXeawXn5EA5reAbvSXNngvIM"

{
    "success": true,
    "name": "Фалленианский флюоресцентный бургер",
    "order": {
        "ingredients": [
            {
                "_id": "61c0c5a71d1f82001bdaaa6d",
                "name": "Флюоресцентная булка R2-D3",
                "type": "bun",
                "proteins": 44,
                "fat": 26,
                "carbohydrates": 85,
                "calories": 643,
                "price": 988,
                "image": "https://code.s3.yandex.net/react/code/bun-01.png",
                "image_mobile": "https://code.s3.yandex.net/react/code/bun-01-mobile.png",
                "image_large": "https://code.s3.yandex.net/react/code/bun-01-large.png",
                "__v": 0
            },
            {
                "_id": "61c0c5a71d1f82001bdaaa77",
                "name": "Плоды Фалленианского дерева",
                "type": "main",
                "proteins": 20,
                "fat": 5,
                "carbohydrates": 55,
                "calories": 77,
                "price": 874,
                "image": "https://code.s3.yandex.net/react/code/sp_1.png",
                "image_mobile": "https://code.s3.yandex.net/react/code/sp_1-mobile.png",
                "image_large": "https://code.s3.yandex.net/react/code/sp_1-large.png",
                "__v": 0
            }
        ],
        "_id": "678b558c9ed280001b5505d8",
        "owner": {
            "name": "Userf36f1e",
            "email": "usereb51ac@yandex.ru",
            "createdAt": "2025-01-18T07:17:32.198Z",
            "updatedAt": "2025-01-18T07:17:32.198Z"
        },
        "status": "done",
        "name": "Фалленианский флюоресцентный бургер",
        "createdAt": "2025-01-18T07:17:32.468Z",
        "updatedAt": "2025-01-18T07:17:33.682Z",
        "number": 170711,
        "price": 1862
    }
}
Проверка ответа успешного создания заказа...
Создание заказа проверено успешно
Выполняется метод для получения списка заказов авторизованного пользователя...
Request method:	GET
Request URI:	https://stellarburgers.nomoreparties.site/api/orders
Proxy:			<none>
Request params:	<none>
Query params:	<none>
Form params:	<none>
Path params:	<none>
Headers:		Authorization=Bearer eyJhbGciOiJIUzI1NiIsInR5cCI6IkpXVCJ9.eyJpZCI6IjY3OGI1NThjOWVkMjgwMDAxYjU1MDVkNSIsImlhdCI6MTczNzE4NDY1MiwiZXhwIjoxNzM3MTg1ODUyfQ.r6T4T2kMH-Vs80AEjloO5K0snzLZpaHD66wnJGazlEY
				Accept=*/*
Cookies:		<none>
Multiparts:		<none>
Body:			<none>
HTTP/1.1 200 OK
Server: nginx/1.18.0 (Ubuntu)
Date: Sat, 18 Jan 2025 07:17:34 GMT
Content-Type: application/json; charset=utf-8
Content-Length: 352
Connection: keep-alive
X-Powered-By: Express
Access-Control-Allow-Origin: *
ETag: W/"160-SzYAoJmbbTO5EWCcMWVp0NOHXMw"

{
    "success": true,
    "orders": [
        {
            "_id": "678b558c9ed280001b5505d8",
            "ingredients": [
                "61c0c5a71d1f82001bdaaa6d",
                "61c0c5a71d1f82001bdaaa77"
            ],
            "status": "done",
            "name": "Фалленианский флюоресцентный бургер",
            "createdAt": "2025-01-18T07:17:32.468Z",
            "updatedAt": "2025-01-18T07:17:33.682Z",
            "number": 170711
        }
    ],
    "total": 170711,
    "totalToday": 393
}
Метод получения списка заказов пользователя отработал
Проверка успешного получения списка заказов....
Список заказов проверен успешно
Delete Response Code: 202
{
    "success": true,
    "message": "User successfully removed"
}
Delete Response Body:
{
    "success": true,
    "message": "User successfully removed"
}
Пользователь успешно удален
]]></system-out>
  </testcase>
  <testcase name="createOrderAndGetUserOrdersWithoutAuthorization" classname="testApi.UserOrdersTest" time="0.1">
    <system-out><![CDATA[Выполняется метод проверки ошибки для получения списка заказов без авторизации...
Request method:	GET
Request URI:	https://stellarburgers.nomoreparties.site/api/orders
Proxy:			<none>
Request params:	<none>
Query params:	<none>
Form params:	<none>
Path params:	<none>
Headers:		Accept=*/*
Cookies:		<none>
Multiparts:		<none>
Body:			<none>
HTTP/1.1 401 Unauthorized
Server: nginx/1.18.0 (Ubuntu)
Date: Sat, 18 Jan 2025 07:17:35 GMT
Content-Type: application/json; charset=utf-8
Content-Length: 54
Connection: keep-alive
X-Powered-By: Express
Access-Control-Allow-Origin: *
ETag: W/"36-9ndkQYJpZ8s0sMN790Nuh0MLq/U"

{
    "success": false,
    "message": "You should be authorised"
}
Метод проверки ошибки для получения списка заказов без авторизации отработал
Проверка ответа об ошибке получения списка заказов без авторизации....
Проверка ответа об ошибке получения списка заказов без авторизации прошла успешно
]]></system-out>
  </testcase>
</testsuite>