<?xml version="1.0" encoding="UTF-8"?>
<testsuite xmlns:xsi="http://www.w3.org/2001/XMLSchema-instance" xsi:noNamespaceSchemaLocation="https://maven.apache.org/surefire/maven-surefire-plugin/xsd/surefire-test-report-3.0.xsd" version="3.0" name="ru.api.tests.UserCreationTest" time="1.293" tests="5" errors="0" skipped="0" failures="0">
  <properties>
[...]
</properties>
  <testcase name="createUserWithoutRequiredFieldPassword" classname="ru.api.tests.UserCreationTest" time="0.1">
    <system-out><![CDATA[Response Code: 403
{
    "success": false,
    "message": "Email, password and name are required fields"
}
Response body:
{
    "success": false,
    "message": "Email, password and name are required fields"
}
]]></system-out>
  </testcase>
  <testcase name="createExistingUser" classname="ru.api.tests.UserCreationTest" time="0.773">
    <system-out><![CDATA[Пользователь успешно создан: userd5949e@yandex.ru
Response Code: 200
{
    "success": true,
    "user": {
        "email": "userd5949e@yandex.ru",
        "name": "User1c4cfe"
    },
    "accessToken": "Bearer eyJhbGciOiJIUzI1NiIsInR5cCI6IkpXVCJ9.eyJpZCI6IjY3YjIyOTljOWVkMjgwMDAxYjU3ODZmMiIsImlhdCI6MTczOTcyOTMwOCwiZXhwIjoxNzM5NzMwNTA4fQ.uloQiEGmmt71QlSXAjKMk6BI6wvindWgMemiAtdf9GE",
    "refreshToken": "cf8a0ff3f1f91927f214118be637cca5bed58d9e7ea46dbbf2927bab674dae27c0f6c659fc0423fc"
}
Response body:
{
    "success": true,
    "user": {
        "email": "userd5949e@yandex.ru",
        "name": "User1c4cfe"
    },
    "accessToken": "Bearer eyJhbGciOiJIUzI1NiIsInR5cCI6IkpXVCJ9.eyJpZCI6IjY3YjIyOTljOWVkMjgwMDAxYjU3ODZmMiIsImlhdCI6MTczOTcyOTMwOCwiZXhwIjoxNzM5NzMwNTA4fQ.uloQiEGmmt71QlSXAjKMk6BI6wvindWgMemiAtdf9GE",
    "refreshToken": "cf8a0ff3f1f91927f214118be637cca5bed58d9e7ea46dbbf2927bab674dae27c0f6c659fc0423fc"
}
Пользователь успешно создан: userd5949e@yandex.ru
Response Code: 403
{
    "success": false,
    "message": "User already exists"
}
Response body:
{
    "success": false,
    "message": "User already exists"
}
Delete Response Code = 202
Пользователь успешно удален
]]></system-out>
  </testcase>
  <testcase name="createUserWithoutRequiredFieldName" classname="ru.api.tests.UserCreationTest" time="0.115">
    <system-out><![CDATA[Response Code: 403
{
    "success": false,
    "message": "Email, password and name are required fields"
}
Response body:
{
    "success": false,
    "message": "Email, password and name are required fields"
}
]]></system-out>
  </testcase>
  <testcase name="creationUniqueUser" classname="ru.api.tests.UserCreationTest" time="0.198">
    <system-out><![CDATA[Пользователь успешно создан: userc6e624@yandex.ru
Response Code: 200
{
    "success": true,
    "user": {
        "email": "userc6e624@yandex.ru",
        "name": "Userd5d3cb"
    },
    "accessToken": "Bearer eyJhbGciOiJIUzI1NiIsInR5cCI6IkpXVCJ9.eyJpZCI6IjY3YjIyOTlkOWVkMjgwMDAxYjU3ODZmNCIsImlhdCI6MTczOTcyOTMwOSwiZXhwIjoxNzM5NzMwNTA5fQ.18mG37eu5vLTqMfUIA-19jmh8WeOirenH7sETYcFJyQ",
    "refreshToken": "d9c008dc4b0e06a2e8723a89dbe7ef87ab16955351d9ee2824ff2abea7ea20aca4a288e9c95f2f62"
}
Response body:
{
    "success": true,
    "user": {
        "email": "userc6e624@yandex.ru",
        "name": "Userd5d3cb"
    },
    "accessToken": "Bearer eyJhbGciOiJIUzI1NiIsInR5cCI6IkpXVCJ9.eyJpZCI6IjY3YjIyOTlkOWVkMjgwMDAxYjU3ODZmNCIsImlhdCI6MTczOTcyOTMwOSwiZXhwIjoxNzM5NzMwNTA5fQ.18mG37eu5vLTqMfUIA-19jmh8WeOirenH7sETYcFJyQ",
    "refreshToken": "d9c008dc4b0e06a2e8723a89dbe7ef87ab16955351d9ee2824ff2abea7ea20aca4a288e9c95f2f62"
}
]]></system-out>
  </testcase>
  <testcase name="createUserWithoutRequiredFieldEmail" classname="ru.api.tests.UserCreationTest" time="0.105">
    <system-out><![CDATA[Response Code: 403
{
    "success": false,
    "message": "Email, password and name are required fields"
}
Response body:
{
    "success": false,
    "message": "Email, password and name are required fields"
}
]]></system-out>
  </testcase>
</testsuite>