<?xml version="1.0" encoding="UTF-8"?>
<testsuite xmlns:xsi="http://www.w3.org/2001/XMLSchema-instance" xsi:noNamespaceSchemaLocation="https://maven.apache.org/surefire/maven-surefire-plugin/xsd/surefire-test-report-3.0.xsd" version="3.0" name="ru.api.tests.UserLoginTest" time="1.001" tests="3" errors="0" skipped="0" failures="0">
  <properties>
[...]
</properties>
  <testcase name="loginWithInvalidLogin" classname="ru.api.tests.UserLoginTest" time="0.302">
    <system-out><![CDATA[Пользователь успешно создан: userb7a567@yandex.ru
Response Code: 200
{
    "success": true,
    "user": {
        "email": "userb7a567@yandex.ru",
        "name": "Userb9fc76"
    },
    "accessToken": "Bearer eyJhbGciOiJIUzI1NiIsInR5cCI6IkpXVCJ9.eyJpZCI6IjY3YmEwYmEwOWVkMjgwMDAxYjU4MWJiNSIsImlhdCI6MTc0MDI0NTkyMCwiZXhwIjoxNzQwMjQ3MTIwfQ.UNVRM4bNai9-47Kcw_EcJ7X_GcV3qaBsIrHdLZfYyKo",
    "refreshToken": "7e75b136663d956f3212cec998571595414a9497f4e75c661191720c6e168fbb2401b5a4fb9c68b2"
}
Response body:
{
    "success": true,
    "user": {
        "email": "userb7a567@yandex.ru",
        "name": "Userb9fc76"
    },
    "accessToken": "Bearer eyJhbGciOiJIUzI1NiIsInR5cCI6IkpXVCJ9.eyJpZCI6IjY3YmEwYmEwOWVkMjgwMDAxYjU4MWJiNSIsImlhdCI6MTc0MDI0NTkyMCwiZXhwIjoxNzQwMjQ3MTIwfQ.UNVRM4bNai9-47Kcw_EcJ7X_GcV3qaBsIrHdLZfYyKo",
    "refreshToken": "7e75b136663d956f3212cec998571595414a9497f4e75c661191720c6e168fbb2401b5a4fb9c68b2"
}
Логин с данными - email: invaliduserb7a567@yandex.ru, password: pass3d42c3, name: invalidUserb9fc76
Пользователь успешно вошел в систему
]]></system-out>
  </testcase>
  <testcase name="loginWithInvalidCredentials" classname="ru.api.tests.UserLoginTest" time="0.306">
    <system-out><![CDATA[Пользователь успешно создан: user1b2269@yandex.ru
Response Code: 200
{
    "success": true,
    "user": {
        "email": "user1b2269@yandex.ru",
        "name": "Userf7f4bd"
    },
    "accessToken": "Bearer eyJhbGciOiJIUzI1NiIsInR5cCI6IkpXVCJ9.eyJpZCI6IjY3YmEwYmExOWVkMjgwMDAxYjU4MWJiNyIsImlhdCI6MTc0MDI0NTkyMSwiZXhwIjoxNzQwMjQ3MTIxfQ.HRwaxSO4z51tlRJL6NsLAkuqxCRhE6oVWxQt7G99nzc",
    "refreshToken": "74f69482c39c1b1bbdbaedeabac71172167bc0229064be6bd320bbc06fff84a31ef63160120db284"
}
Response body:
{
    "success": true,
    "user": {
        "email": "user1b2269@yandex.ru",
        "name": "Userf7f4bd"
    },
    "accessToken": "Bearer eyJhbGciOiJIUzI1NiIsInR5cCI6IkpXVCJ9.eyJpZCI6IjY3YmEwYmExOWVkMjgwMDAxYjU4MWJiNyIsImlhdCI6MTc0MDI0NTkyMSwiZXhwIjoxNzQwMjQ3MTIxfQ.HRwaxSO4z51tlRJL6NsLAkuqxCRhE6oVWxQt7G99nzc",
    "refreshToken": "74f69482c39c1b1bbdbaedeabac71172167bc0229064be6bd320bbc06fff84a31ef63160120db284"
}
Логин с данными - email: invaliduser1b2269@yandex.ru, password: wrongPassword, name: Userf7f4bd
Пользователь успешно вошел в систему
]]></system-out>
  </testcase>
  <testcase name="loginWithExistingUserTest" classname="ru.api.tests.UserLoginTest" time="0.389">
    <system-out><![CDATA[Пользователь успешно создан: userbcd06f@yandex.ru
Response Code: 200
{
    "success": true,
    "user": {
        "email": "userbcd06f@yandex.ru",
        "name": "Userf5e0df"
    },
    "accessToken": "Bearer eyJhbGciOiJIUzI1NiIsInR5cCI6IkpXVCJ9.eyJpZCI6IjY3YmEwYmExOWVkMjgwMDAxYjU4MWJiOSIsImlhdCI6MTc0MDI0NTkyMSwiZXhwIjoxNzQwMjQ3MTIxfQ.OeUIOEzkqiEAo7qG11iUcFXZhEiz-AH7rqAxHhUm3RU",
    "refreshToken": "cf3f9edb38255614517c573cb8521214812ce6ce29d24522ba42912d526aedf540e13ce0e7afa470"
}
Response body:
{
    "success": true,
    "user": {
        "email": "userbcd06f@yandex.ru",
        "name": "Userf5e0df"
    },
    "accessToken": "Bearer eyJhbGciOiJIUzI1NiIsInR5cCI6IkpXVCJ9.eyJpZCI6IjY3YmEwYmExOWVkMjgwMDAxYjU4MWJiOSIsImlhdCI6MTc0MDI0NTkyMSwiZXhwIjoxNzQwMjQ3MTIxfQ.OeUIOEzkqiEAo7qG11iUcFXZhEiz-AH7rqAxHhUm3RU",
    "refreshToken": "cf3f9edb38255614517c573cb8521214812ce6ce29d24522ba42912d526aedf540e13ce0e7afa470"
}
Логин с данными - email: userbcd06f@yandex.ru, password: passc8e918, name: Userf5e0df
Пользователь успешно вошел в систему
Response Code: 200
{
    "success": true,
    "accessToken": "Bearer eyJhbGciOiJIUzI1NiIsInR5cCI6IkpXVCJ9.eyJpZCI6IjY3YmEwYmExOWVkMjgwMDAxYjU4MWJiOSIsImlhdCI6MTc0MDI0NTkyMSwiZXhwIjoxNzQwMjQ3MTIxfQ.OeUIOEzkqiEAo7qG11iUcFXZhEiz-AH7rqAxHhUm3RU",
    "refreshToken": "31666559fb7ca82426bcf0b50a589625eb627f113f2b4a517b04bdaa83022201a4e1ba7937b475fd",
    "user": {
        "email": "userbcd06f@yandex.ru",
        "name": "Userf5e0df"
    }
}
Response ru.api.tests.Body:
{
    "success": true,
    "accessToken": "Bearer eyJhbGciOiJIUzI1NiIsInR5cCI6IkpXVCJ9.eyJpZCI6IjY3YmEwYmExOWVkMjgwMDAxYjU4MWJiOSIsImlhdCI6MTc0MDI0NTkyMSwiZXhwIjoxNzQwMjQ3MTIxfQ.OeUIOEzkqiEAo7qG11iUcFXZhEiz-AH7rqAxHhUm3RU",
    "refreshToken": "31666559fb7ca82426bcf0b50a589625eb627f113f2b4a517b04bdaa83022201a4e1ba7937b475fd",
    "user": {
        "email": "userbcd06f@yandex.ru",
        "name": "Userf5e0df"
    }
}
]]></system-out>
  </testcase>
</testsuite>