<?xml version="1.0" encoding="UTF-8"?>
<testsuite xmlns:xsi="http://www.w3.org/2001/XMLSchema-instance" xsi:noNamespaceSchemaLocation="https://maven.apache.org/surefire/maven-surefire-plugin/xsd/surefire-test-report-3.0.xsd" version="3.0" name="ru.api.tests.UserLoginTest" time="0.977" tests="3" errors="0" skipped="0" failures="1">
  <properties>
[...]
</properties>
  <testcase name="loginWithInvalidLogin" classname="ru.api.tests.UserLoginTest" time="0.346">
    <failure message="1 expectation failed.&#10;Expected status code &lt;401&gt; but was &lt;200&gt;.&#10;" type="java.lang.AssertionError"><![CDATA[java.lang.AssertionError: 
1 expectation failed.
Expected status code <401> but was <200>.

	at java.base/jdk.internal.reflect.NativeConstructorAccessorImpl.newInstance0(Native Method)
	at java.base/jdk.internal.reflect.NativeConstructorAccessorImpl.newInstance(NativeConstructorAccessorImpl.java:62)
	at java.base/jdk.internal.reflect.DelegatingConstructorAccessorImpl.newInstance(DelegatingConstructorAccessorImpl.java:45)
	at java.base/java.lang.reflect.Constructor.newInstance(Constructor.java:490)
	at org.codehaus.groovy.reflection.CachedConstructor.invoke(CachedConstructor.java:72)
	at org.codehaus.groovy.reflection.CachedConstructor.doConstructorInvoke(CachedConstructor.java:59)
	at org.codehaus.groovy.runtime.callsite.ConstructorSite$ConstructorSiteNoUnwrap.callConstructor(ConstructorSite.java:84)
	at org.codehaus.groovy.runtime.callsite.AbstractCallSite.callConstructor(AbstractCallSite.java:277)
	at io.restassured.internal.ResponseSpecificationImpl$HamcrestAssertionClosure.validate(ResponseSpecificationImpl.groovy:499)
	at io.restassured.internal.ResponseSpecificationImpl$HamcrestAssertionClosure$validate$1.call(Unknown Source)
	at io.restassured.internal.ResponseSpecificationImpl.validateResponseIfRequired(ResponseSpecificationImpl.groovy:684)
	at jdk.internal.reflect.GeneratedMethodAccessor145.invoke(Unknown Source)
	at java.base/jdk.internal.reflect.DelegatingMethodAccessorImpl.invoke(DelegatingMethodAccessorImpl.java:43)
	at java.base/java.lang.reflect.Method.invoke(Method.java:566)
	at org.codehaus.groovy.runtime.callsite.PlainObjectMetaMethodSite.doInvoke(PlainObjectMetaMethodSite.java:43)
	at org.codehaus.groovy.runtime.callsite.PogoMetaMethodSite$PogoCachedMethodSiteNoUnwrapNoCoerce.invoke(PogoMetaMethodSite.java:193)
	at org.codehaus.groovy.runtime.callsite.PogoMetaMethodSite.callCurrent(PogoMetaMethodSite.java:61)
	at org.codehaus.groovy.runtime.callsite.AbstractCallSite.callCurrent(AbstractCallSite.java:185)
	at io.restassured.internal.ResponseSpecificationImpl.statusCode(ResponseSpecificationImpl.groovy:127)
	at io.restassured.specification.ResponseSpecification$statusCode$0.callCurrent(Unknown Source)
	at io.restassured.internal.ResponseSpecificationImpl.statusCode(ResponseSpecificationImpl.groovy:135)
	at io.restassured.internal.ValidatableResponseOptionsImpl.statusCode(ValidatableResponseOptionsImpl.java:89)
	at io.restassured.internal.ValidatableResponseImpl.super$2$statusCode(ValidatableResponseImpl.groovy)
	at jdk.internal.reflect.GeneratedMethodAccessor160.invoke(Unknown Source)
	at java.base/jdk.internal.reflect.DelegatingMethodAccessorImpl.invoke(DelegatingMethodAccessorImpl.java:43)
	at java.base/java.lang.reflect.Method.invoke(Method.java:566)
	at org.codehaus.groovy.reflection.CachedMethod.invoke(CachedMethod.java:107)
	at groovy.lang.MetaMethod.doMethodInvoke(MetaMethod.java:323)
	at groovy.lang.MetaClassImpl.invokeMethod(MetaClassImpl.java:1268)
	at org.codehaus.groovy.runtime.ScriptBytecodeAdapter.invokeMethodOnSuperN(ScriptBytecodeAdapter.java:144)
	at io.restassured.internal.ValidatableResponseImpl.statusCode(ValidatableResponseImpl.groovy:142)
	at io.restassured.internal.ValidatableResponseImpl.statusCode(ValidatableResponseImpl.groovy)
	at edu.methods.UserAndOrderMethods.verifyLoginWithInvalidCredentials(UserAndOrderMethods.java:134)
	at ru.api.tests.UserLoginTest.loginWithInvalidLogin(UserLoginTest.java:62)
	at java.base/jdk.internal.reflect.NativeMethodAccessorImpl.invoke0(Native Method)
	at java.base/jdk.internal.reflect.NativeMethodAccessorImpl.invoke(NativeMethodAccessorImpl.java:62)
	at java.base/jdk.internal.reflect.DelegatingMethodAccessorImpl.invoke(DelegatingMethodAccessorImpl.java:43)
	at java.base/java.lang.reflect.Method.invoke(Method.java:566)
	at org.junit.runners.model.FrameworkMethod$1.runReflectiveCall(FrameworkMethod.java:59)
	at org.junit.internal.runners.model.ReflectiveCallable.run(ReflectiveCallable.java:12)
	at org.junit.runners.model.FrameworkMethod.invokeExplosively(FrameworkMethod.java:56)
	at org.junit.internal.runners.statements.InvokeMethod.evaluate(InvokeMethod.java:17)
	at org.junit.internal.runners.statements.RunBefores.evaluate(RunBefores.java:26)
	at org.junit.internal.runners.statements.RunAfters.evaluate(RunAfters.java:27)
	at org.junit.runners.ParentRunner$3.evaluate(ParentRunner.java:306)
	at org.junit.runners.BlockJUnit4ClassRunner$1.evaluate(BlockJUnit4ClassRunner.java:100)
	at org.junit.runners.ParentRunner.runLeaf(ParentRunner.java:366)
	at org.junit.runners.BlockJUnit4ClassRunner.runChild(BlockJUnit4ClassRunner.java:103)
	at org.junit.runners.BlockJUnit4ClassRunner.runChild(BlockJUnit4ClassRunner.java:63)
	at org.junit.runners.ParentRunner$4.run(ParentRunner.java:331)
	at org.junit.runners.ParentRunner$1.schedule(ParentRunner.java:79)
	at org.junit.runners.ParentRunner.runChildren(ParentRunner.java:329)
	at org.junit.runners.ParentRunner.access$100(ParentRunner.java:66)
	at org.junit.runners.ParentRunner$2.evaluate(ParentRunner.java:293)
	at org.junit.runners.ParentRunner$3.evaluate(ParentRunner.java:306)
	at org.junit.runners.ParentRunner.run(ParentRunner.java:413)
	at org.apache.maven.surefire.junit4.JUnit4Provider.execute(JUnit4Provider.java:316)
	at org.apache.maven.surefire.junit4.JUnit4Provider.executeWithRerun(JUnit4Provider.java:240)
	at org.apache.maven.surefire.junit4.JUnit4Provider.executeTestSet(JUnit4Provider.java:214)
	at org.apache.maven.surefire.junit4.JUnit4Provider.invoke(JUnit4Provider.java:155)
	at org.apache.maven.surefire.booter.ForkedBooter.runSuitesInProcess(ForkedBooter.java:385)
	at org.apache.maven.surefire.booter.ForkedBooter.execute(ForkedBooter.java:162)
	at org.apache.maven.surefire.booter.ForkedBooter.run(ForkedBooter.java:507)
	at org.apache.maven.surefire.booter.ForkedBooter.main(ForkedBooter.java:495)
]]></failure>
    <system-out><![CDATA[Пользователь успешно создан: userb8ad7a@yandex.ru
Response Code: 200
{
    "success": true,
    "user": {
        "email": "userb8ad7a@yandex.ru",
        "name": "User77ee60"
    },
    "accessToken": "Bearer eyJhbGciOiJIUzI1NiIsInR5cCI6IkpXVCJ9.eyJpZCI6IjY3YjIyOWExOWVkMjgwMDAxYjU3ODcwOCIsImlhdCI6MTczOTcyOTMxMywiZXhwIjoxNzM5NzMwNTEzfQ.ABNWErqLEqrc7nTvUaGLcS59cRcn3EqJ4JJbMsIt_Lg",
    "refreshToken": "69aaf559175fffb1be606d5b04a825741b0f1ef75f19c1631b07884d220b1f8c1eeef7cf2b4ddefc"
}
Response body:
{
    "success": true,
    "user": {
        "email": "userb8ad7a@yandex.ru",
        "name": "User77ee60"
    },
    "accessToken": "Bearer eyJhbGciOiJIUzI1NiIsInR5cCI6IkpXVCJ9.eyJpZCI6IjY3YjIyOWExOWVkMjgwMDAxYjU3ODcwOCIsImlhdCI6MTczOTcyOTMxMywiZXhwIjoxNzM5NzMwNTEzfQ.ABNWErqLEqrc7nTvUaGLcS59cRcn3EqJ4JJbMsIt_Lg",
    "refreshToken": "69aaf559175fffb1be606d5b04a825741b0f1ef75f19c1631b07884d220b1f8c1eeef7cf2b4ddefc"
}
Логин с данными - email: userb8ad7a@yandex.ru, password: passdb045d, name: invalidUser77ee60
Пользователь успешно вошел в систему
]]></system-out>
  </testcase>
  <testcase name="loginWithInvalidCredentials" classname="ru.api.tests.UserLoginTest" time="0.276">
    <system-out><![CDATA[Пользователь успешно создан: user2edaa2@yandex.ru
Response Code: 200
{
    "success": true,
    "user": {
        "email": "user2edaa2@yandex.ru",
        "name": "Usere08710"
    },
    "accessToken": "Bearer eyJhbGciOiJIUzI1NiIsInR5cCI6IkpXVCJ9.eyJpZCI6IjY3YjIyOWExOWVkMjgwMDAxYjU3ODcwYiIsImlhdCI6MTczOTcyOTMxMywiZXhwIjoxNzM5NzMwNTEzfQ.vA8Ljxx52fzATW7RFASgIRVj2NcRfwdVsDsappDeHeY",
    "refreshToken": "e108c759e784e54d2be066e5a6680d4c3ebaf63150f47428d1c8bdb7c3e7d06b1598a36c4bd22df2"
}
Response body:
{
    "success": true,
    "user": {
        "email": "user2edaa2@yandex.ru",
        "name": "Usere08710"
    },
    "accessToken": "Bearer eyJhbGciOiJIUzI1NiIsInR5cCI6IkpXVCJ9.eyJpZCI6IjY3YjIyOWExOWVkMjgwMDAxYjU3ODcwYiIsImlhdCI6MTczOTcyOTMxMywiZXhwIjoxNzM5NzMwNTEzfQ.vA8Ljxx52fzATW7RFASgIRVj2NcRfwdVsDsappDeHeY",
    "refreshToken": "e108c759e784e54d2be066e5a6680d4c3ebaf63150f47428d1c8bdb7c3e7d06b1598a36c4bd22df2"
}
Логин с данными - email: invaliduser2edaa2@yandex.ru, password: wrongPassword, name: Usere08710
Пользователь успешно вошел в систему
]]></system-out>
  </testcase>
  <testcase name="loginWithExistingUserTest" classname="ru.api.tests.UserLoginTest" time="0.353">
    <system-out><![CDATA[Пользователь успешно создан: user15e19e@yandex.ru
Response Code: 200
{
    "success": true,
    "user": {
        "email": "user15e19e@yandex.ru",
        "name": "User18f4a3"
    },
    "accessToken": "Bearer eyJhbGciOiJIUzI1NiIsInR5cCI6IkpXVCJ9.eyJpZCI6IjY3YjIyOWExOWVkMjgwMDAxYjU3ODcwZCIsImlhdCI6MTczOTcyOTMxMywiZXhwIjoxNzM5NzMwNTEzfQ.w2M3bG6qesMxbilVF_uQG1nXmToS-fjHiZAoKYDu71M",
    "refreshToken": "3ac0544fa327fd1b4b918f9c499e9d398433f81ac6cb7a9e25d68f26d37714f6a707932f8933b33f"
}
Response body:
{
    "success": true,
    "user": {
        "email": "user15e19e@yandex.ru",
        "name": "User18f4a3"
    },
    "accessToken": "Bearer eyJhbGciOiJIUzI1NiIsInR5cCI6IkpXVCJ9.eyJpZCI6IjY3YjIyOWExOWVkMjgwMDAxYjU3ODcwZCIsImlhdCI6MTczOTcyOTMxMywiZXhwIjoxNzM5NzMwNTEzfQ.w2M3bG6qesMxbilVF_uQG1nXmToS-fjHiZAoKYDu71M",
    "refreshToken": "3ac0544fa327fd1b4b918f9c499e9d398433f81ac6cb7a9e25d68f26d37714f6a707932f8933b33f"
}
Логин с данными - email: user15e19e@yandex.ru, password: passccdbad, name: User18f4a3
Пользователь успешно вошел в систему
Response Code: 200
{
    "success": true,
    "accessToken": "Bearer eyJhbGciOiJIUzI1NiIsInR5cCI6IkpXVCJ9.eyJpZCI6IjY3YjIyOWExOWVkMjgwMDAxYjU3ODcwZCIsImlhdCI6MTczOTcyOTMxMywiZXhwIjoxNzM5NzMwNTEzfQ.w2M3bG6qesMxbilVF_uQG1nXmToS-fjHiZAoKYDu71M",
    "refreshToken": "de9706678cdde5e4cf6311372c97e3470462110e5dad092442f855b41959fc800e7001c89f8e1c0a",
    "user": {
        "email": "user15e19e@yandex.ru",
        "name": "User18f4a3"
    }
}
Response ru.api.tests.Body:
{
    "success": true,
    "accessToken": "Bearer eyJhbGciOiJIUzI1NiIsInR5cCI6IkpXVCJ9.eyJpZCI6IjY3YjIyOWExOWVkMjgwMDAxYjU3ODcwZCIsImlhdCI6MTczOTcyOTMxMywiZXhwIjoxNzM5NzMwNTEzfQ.w2M3bG6qesMxbilVF_uQG1nXmToS-fjHiZAoKYDu71M",
    "refreshToken": "de9706678cdde5e4cf6311372c97e3470462110e5dad092442f855b41959fc800e7001c89f8e1c0a",
    "user": {
        "email": "user15e19e@yandex.ru",
        "name": "User18f4a3"
    }
}
]]></system-out>
  </testcase>
</testsuite>