<?xml version="1.0" encoding="UTF-8"?>
<testsuite xmlns:xsi="http://www.w3.org/2001/XMLSchema-instance" xsi:noNamespaceSchemaLocation="https://maven.apache.org/surefire/maven-surefire-plugin/xsd/surefire-test-report-3.0.xsd" version="3.0" name="ru.api.tests.UserDataUpdateTest" time="1.969" tests="6" errors="0" skipped="0" failures="0">
  <properties>
[...]
</properties>
  <testcase name="updateUserWithAuthorizationName" classname="ru.api.tests.UserDataUpdateTest" time="0.379">
    <system-out><![CDATA[Пользователь успешно создан: userb67c22@yandex.ru
Response Code: 200
{
    "success": true,
    "user": {
        "email": "userb67c22@yandex.ru",
        "name": "Userd2ba6e"
    },
    "accessToken": "Bearer eyJhbGciOiJIUzI1NiIsInR5cCI6IkpXVCJ9.eyJpZCI6IjY3YmEwYjllOWVkMjgwMDAxYjU4MWJhOSIsImlhdCI6MTc0MDI0NTkxOCwiZXhwIjoxNzQwMjQ3MTE4fQ.g8OlAxKFuzBI_INQkEhXIu6Ei_u0fk1m-6f08LxfyJ4",
    "refreshToken": "c28b8a2ab97efa7318d4a83b2c40b54d90ac2b8a7c057b4d33871bca339ee57627789e88b69bc0d2"
}
Response body:
{
    "success": true,
    "user": {
        "email": "userb67c22@yandex.ru",
        "name": "Userd2ba6e"
    },
    "accessToken": "Bearer eyJhbGciOiJIUzI1NiIsInR5cCI6IkpXVCJ9.eyJpZCI6IjY3YmEwYjllOWVkMjgwMDAxYjU4MWJhOSIsImlhdCI6MTc0MDI0NTkxOCwiZXhwIjoxNzQwMjQ3MTE4fQ.g8OlAxKFuzBI_INQkEhXIu6Ei_u0fk1m-6f08LxfyJ4",
    "refreshToken": "c28b8a2ab97efa7318d4a83b2c40b54d90ac2b8a7c057b4d33871bca339ee57627789e88b69bc0d2"
}
Запрос на обновление name:
Токен авторизации: Bearer eyJhbGciOiJIUzI1NiIsInR5cCI6IkpXVCJ9.eyJpZCI6IjY3YmEwYjllOWVkMjgwMDAxYjU4MWJhOSIsImlhdCI6MTc0MDI0NTkxOCwiZXhwIjoxNzQwMjQ3MTE4fQ.g8OlAxKFuzBI_INQkEhXIu6Ei_u0fk1m-6f08LxfyJ4
Тело запроса: ru.api.tests.UserSerialization@59fea5f5
Ответ после обновления name:
{
    "success": true,
    "user": {
        "email": "userb67c22@yandex.ru",
        "name": "User9c87a2"
    }
}
{
    "success": true,
    "user": {
        "email": "userb67c22@yandex.ru",
        "name": "User9c87a2"
    }
}
]]></system-out>
  </testcase>
  <testcase name="updateUserWithAuthorizationAllFields" classname="ru.api.tests.UserDataUpdateTest" time="0.313">
    <system-out><![CDATA[Пользователь успешно создан: user93b083@yandex.ru
Response Code: 200
{
    "success": true,
    "user": {
        "email": "user93b083@yandex.ru",
        "name": "User8e4e0b"
    },
    "accessToken": "Bearer eyJhbGciOiJIUzI1NiIsInR5cCI6IkpXVCJ9.eyJpZCI6IjY3YmEwYjlmOWVkMjgwMDAxYjU4MWJhYiIsImlhdCI6MTc0MDI0NTkxOSwiZXhwIjoxNzQwMjQ3MTE5fQ.CzO4_mE1T87LR190vH5pH-oCOgOAsrxRPgdwBeLPZqU",
    "refreshToken": "06ad030df2fe31ddda1d93ffc4ff186d6f45c0030464f6fed83aa37d1da052df67579ddd1a11e5a1"
}
Response body:
{
    "success": true,
    "user": {
        "email": "user93b083@yandex.ru",
        "name": "User8e4e0b"
    },
    "accessToken": "Bearer eyJhbGciOiJIUzI1NiIsInR5cCI6IkpXVCJ9.eyJpZCI6IjY3YmEwYjlmOWVkMjgwMDAxYjU4MWJhYiIsImlhdCI6MTc0MDI0NTkxOSwiZXhwIjoxNzQwMjQ3MTE5fQ.CzO4_mE1T87LR190vH5pH-oCOgOAsrxRPgdwBeLPZqU",
    "refreshToken": "06ad030df2fe31ddda1d93ffc4ff186d6f45c0030464f6fed83aa37d1da052df67579ddd1a11e5a1"
}
Запрос на обновление всех полей:
Токен авторизации: Bearer eyJhbGciOiJIUzI1NiIsInR5cCI6IkpXVCJ9.eyJpZCI6IjY3YmEwYjlmOWVkMjgwMDAxYjU4MWJhYiIsImlhdCI6MTc0MDI0NTkxOSwiZXhwIjoxNzQwMjQ3MTE5fQ.CzO4_mE1T87LR190vH5pH-oCOgOAsrxRPgdwBeLPZqU
Тело запроса: ru.api.tests.UserSerializationForNewData@ff1f465
Ответ после обновления всех полей:
{
    "success": true,
    "user": {
        "email": "user93b083@yandex.ru",
        "name": "User8e4e0b"
    }
}
{
    "success": true,
    "user": {
        "email": "user93b083@yandex.ru",
        "name": "User8e4e0b"
    }
}
]]></system-out>
  </testcase>
  <testcase name="updateUserWithAuthorizationEmail" classname="ru.api.tests.UserDataUpdateTest" time="0.374">
    <system-out><![CDATA[Пользователь успешно создан: user718c6a@yandex.ru
Response Code: 200
{
    "success": true,
    "user": {
        "email": "user718c6a@yandex.ru",
        "name": "Usera77028"
    },
    "accessToken": "Bearer eyJhbGciOiJIUzI1NiIsInR5cCI6IkpXVCJ9.eyJpZCI6IjY3YmEwYjlmOWVkMjgwMDAxYjU4MWJhZCIsImlhdCI6MTc0MDI0NTkxOSwiZXhwIjoxNzQwMjQ3MTE5fQ.JlG4hSPKAeeV8j-UEF9ZBQcn8bgHbS4eVaghgGYrqs0",
    "refreshToken": "91323a534f0e03a659abe65114ca867715a13fbe76b0d1c90be72fea1034c0ebfe07165940c4ac1a"
}
Response body:
{
    "success": true,
    "user": {
        "email": "user718c6a@yandex.ru",
        "name": "Usera77028"
    },
    "accessToken": "Bearer eyJhbGciOiJIUzI1NiIsInR5cCI6IkpXVCJ9.eyJpZCI6IjY3YmEwYjlmOWVkMjgwMDAxYjU4MWJhZCIsImlhdCI6MTc0MDI0NTkxOSwiZXhwIjoxNzQwMjQ3MTE5fQ.JlG4hSPKAeeV8j-UEF9ZBQcn8bgHbS4eVaghgGYrqs0",
    "refreshToken": "91323a534f0e03a659abe65114ca867715a13fbe76b0d1c90be72fea1034c0ebfe07165940c4ac1a"
}
Запрос на обновление email:
Токен авторизации: Bearer eyJhbGciOiJIUzI1NiIsInR5cCI6IkpXVCJ9.eyJpZCI6IjY3YmEwYjlmOWVkMjgwMDAxYjU4MWJhZCIsImlhdCI6MTc0MDI0NTkxOSwiZXhwIjoxNzQwMjQ3MTE5fQ.JlG4hSPKAeeV8j-UEF9ZBQcn8bgHbS4eVaghgGYrqs0
Тело запроса: ru.api.tests.UserSerialization@4809c771
Ответ после обновления email:
{
    "success": true,
    "user": {
        "email": "user6ac1a5@yandex.ru",
        "name": "Usera77028"
    }
}
{
    "success": true,
    "user": {
        "email": "user6ac1a5@yandex.ru",
        "name": "Usera77028"
    }
}
]]></system-out>
  </testcase>
  <testcase name="updateUserWithoutAuthorizationName" classname="ru.api.tests.UserDataUpdateTest" time="0.291">
    <system-out><![CDATA[Пользователь успешно создан: userea29f8@yandex.ru
Response Code: 200
{
    "success": true,
    "user": {
        "email": "userea29f8@yandex.ru",
        "name": "Userf54cae"
    },
    "accessToken": "Bearer eyJhbGciOiJIUzI1NiIsInR5cCI6IkpXVCJ9.eyJpZCI6IjY3YmEwYmEwOWVkMjgwMDAxYjU4MWJhZiIsImlhdCI6MTc0MDI0NTkyMCwiZXhwIjoxNzQwMjQ3MTIwfQ.PffWxe8NlRvsl5ZtXzIOaZNyrSJLspd5z-bZ_lzRZLg",
    "refreshToken": "dbdf17a8e0596f4a77dfb83e2c12c93ca5c53506f8ddbb677adc00e8424111f3f00daf3e1732a776"
}
Response body:
{
    "success": true,
    "user": {
        "email": "userea29f8@yandex.ru",
        "name": "Userf54cae"
    },
    "accessToken": "Bearer eyJhbGciOiJIUzI1NiIsInR5cCI6IkpXVCJ9.eyJpZCI6IjY3YmEwYmEwOWVkMjgwMDAxYjU4MWJhZiIsImlhdCI6MTc0MDI0NTkyMCwiZXhwIjoxNzQwMjQ3MTIwfQ.PffWxe8NlRvsl5ZtXzIOaZNyrSJLspd5z-bZ_lzRZLg",
    "refreshToken": "dbdf17a8e0596f4a77dfb83e2c12c93ca5c53506f8ddbb677adc00e8424111f3f00daf3e1732a776"
}
Запрос на обновление name без авторизации:
Тело запроса: ru.api.tests.UserSerialization@6e794f53
Ответ после обновления email:
{
    "success": false,
    "message": "You should be authorised"
}
{
    "success": false,
    "message": "You should be authorised"
}
]]></system-out>
  </testcase>
  <testcase name="updateUserWithoutAuthorizationAllData" classname="ru.api.tests.UserDataUpdateTest" time="0.313">
    <system-out><![CDATA[Пользователь успешно создан: user990a15@yandex.ru
Response Code: 200
{
    "success": true,
    "user": {
        "email": "user990a15@yandex.ru",
        "name": "User15334b"
    },
    "accessToken": "Bearer eyJhbGciOiJIUzI1NiIsInR5cCI6IkpXVCJ9.eyJpZCI6IjY3YmEwYmEwOWVkMjgwMDAxYjU4MWJiMSIsImlhdCI6MTc0MDI0NTkyMCwiZXhwIjoxNzQwMjQ3MTIwfQ.bn1BklqVqty4JWN_xOewMQ-12P-8wgUuNt3v5-dobwA",
    "refreshToken": "ecb1f504b15cdb71649b6ada1af9feaeac4c695b2e52367e6d5ac31a2906796e630aca7518f311c3"
}
Response body:
{
    "success": true,
    "user": {
        "email": "user990a15@yandex.ru",
        "name": "User15334b"
    },
    "accessToken": "Bearer eyJhbGciOiJIUzI1NiIsInR5cCI6IkpXVCJ9.eyJpZCI6IjY3YmEwYmEwOWVkMjgwMDAxYjU4MWJiMSIsImlhdCI6MTc0MDI0NTkyMCwiZXhwIjoxNzQwMjQ3MTIwfQ.bn1BklqVqty4JWN_xOewMQ-12P-8wgUuNt3v5-dobwA",
    "refreshToken": "ecb1f504b15cdb71649b6ada1af9feaeac4c695b2e52367e6d5ac31a2906796e630aca7518f311c3"
}
Запрос на обновление всех данных без авторизации:
Тело запроса: ru.api.tests.UserSerializationForNewData@75a9cc24
Ответ после обновления email:
{
    "success": false,
    "message": "You should be authorised"
}
{
    "success": false,
    "message": "You should be authorised"
}
]]></system-out>
  </testcase>
  <testcase name="updateUserWithoutAuthorizationEmail" classname="ru.api.tests.UserDataUpdateTest" time="0.294">
    <system-out><![CDATA[Пользователь успешно создан: userb073c5@yandex.ru
Response Code: 200
{
    "success": true,
    "user": {
        "email": "userb073c5@yandex.ru",
        "name": "User8cb9b8"
    },
    "accessToken": "Bearer eyJhbGciOiJIUzI1NiIsInR5cCI6IkpXVCJ9.eyJpZCI6IjY3YmEwYmEwOWVkMjgwMDAxYjU4MWJiMyIsImlhdCI6MTc0MDI0NTkyMCwiZXhwIjoxNzQwMjQ3MTIwfQ.JsSHOisWz_Fup3CxlHfA6Di3QF2O2L_CEnTjxGdADKA",
    "refreshToken": "e3a59eb632d7b37685c073e07464784a33597aebd20b3d78a98ad16ca9d83e0410f450a30231da15"
}
Response body:
{
    "success": true,
    "user": {
        "email": "userb073c5@yandex.ru",
        "name": "User8cb9b8"
    },
    "accessToken": "Bearer eyJhbGciOiJIUzI1NiIsInR5cCI6IkpXVCJ9.eyJpZCI6IjY3YmEwYmEwOWVkMjgwMDAxYjU4MWJiMyIsImlhdCI6MTc0MDI0NTkyMCwiZXhwIjoxNzQwMjQ3MTIwfQ.JsSHOisWz_Fup3CxlHfA6Di3QF2O2L_CEnTjxGdADKA",
    "refreshToken": "e3a59eb632d7b37685c073e07464784a33597aebd20b3d78a98ad16ca9d83e0410f450a30231da15"
}
Запрос на обновление email без авторизации:
Тело запроса: ru.api.tests.UserSerialization@6cc56b32
Ответ после обновления email:
{
    "success": false,
    "message": "You should be authorised"
}
{
    "success": false,
    "message": "You should be authorised"
}
]]></system-out>
  </testcase>
</testsuite>