<?xml version="1.0" encoding="UTF-8"?>
<testsuite xmlns:xsi="http://www.w3.org/2001/XMLSchema-instance" xsi:noNamespaceSchemaLocation="https://maven.apache.org/surefire/maven-surefire-plugin/xsd/surefire-test-report-3.0.xsd" version="3.0" name="testApi.UserDataUpdateTest" time="6.524" tests="8" errors="0" skipped="0" failures="0">
  <properties>
[...]
</properties>
  <testcase name="updateUserWithAuthorizationName" classname="testApi.UserDataUpdateTest" time="0.838">
    <system-out><![CDATA[Пользователь успешно создан: userd824ae@yandex.ru
Response Code: 200
{
    "success": true,
    "user": {
        "email": "userd824ae@yandex.ru",
        "name": "Userf44f55"
    },
    "accessToken": "Bearer eyJhbGciOiJIUzI1NiIsInR5cCI6IkpXVCJ9.eyJpZCI6IjY3OGI1NTg0OWVkMjgwMDAxYjU1MDViZiIsImlhdCI6MTczNzE4NDY0NCwiZXhwIjoxNzM3MTg1ODQ0fQ.ESgo8uTVuPZQUWaR0ky2KESiUXqZomCoh7ng2OX-MJo",
    "refreshToken": "723fbbc229ee2079c25b45c7d51d53a6921c0393b095c243f9ce978bdc258f44294dca6a6120606b"
}
Response body:
{
    "success": true,
    "user": {
        "email": "userd824ae@yandex.ru",
        "name": "Userf44f55"
    },
    "accessToken": "Bearer eyJhbGciOiJIUzI1NiIsInR5cCI6IkpXVCJ9.eyJpZCI6IjY3OGI1NTg0OWVkMjgwMDAxYjU1MDViZiIsImlhdCI6MTczNzE4NDY0NCwiZXhwIjoxNzM3MTg1ODQ0fQ.ESgo8uTVuPZQUWaR0ky2KESiUXqZomCoh7ng2OX-MJo",
    "refreshToken": "723fbbc229ee2079c25b45c7d51d53a6921c0393b095c243f9ce978bdc258f44294dca6a6120606b"
}
Запрос на обновление name:
Токен авторизации: Bearer eyJhbGciOiJIUzI1NiIsInR5cCI6IkpXVCJ9.eyJpZCI6IjY3OGI1NTg0OWVkMjgwMDAxYjU1MDViZiIsImlhdCI6MTczNzE4NDY0NCwiZXhwIjoxNzM3MTg1ODQ0fQ.ESgo8uTVuPZQUWaR0ky2KESiUXqZomCoh7ng2OX-MJo
Тело запроса: {"email":"userd824ae@yandex.ru", "name":"User180d22", "password":"passd30b82"}
Ответ после обновления name:
{
    "success": true,
    "user": {
        "email": "userd824ae@yandex.ru",
        "name": "User180d22"
    }
}
{
    "success": true,
    "user": {
        "email": "userd824ae@yandex.ru",
        "name": "User180d22"
    }
}
Delete Response Code: 202
{
    "success": true,
    "message": "User successfully removed"
}
Delete Response Body:
{
    "success": true,
    "message": "User successfully removed"
}
Пользователь успешно удален
]]></system-out>
  </testcase>
  <testcase name="updateUserWithAuthorizationAllFields" classname="testApi.UserDataUpdateTest" time="0.82">
    <system-out><![CDATA[Пользователь успешно создан: userb8ed52@yandex.ru
Response Code: 200
{
    "success": true,
    "user": {
        "email": "userb8ed52@yandex.ru",
        "name": "User76510c"
    },
    "accessToken": "Bearer eyJhbGciOiJIUzI1NiIsInR5cCI6IkpXVCJ9.eyJpZCI6IjY3OGI1NTg0OWVkMjgwMDAxYjU1MDVjMiIsImlhdCI6MTczNzE4NDY0NCwiZXhwIjoxNzM3MTg1ODQ0fQ.wqeCD3Sefhwi2dcMYFoHqxYr1tUlZwhO1GlWx6oZ9-Y",
    "refreshToken": "ce3ce541a621e9c9c34f73590f032929d797253dc1cbe9fca384476266e69f28a73b50a08167e879"
}
Response body:
{
    "success": true,
    "user": {
        "email": "userb8ed52@yandex.ru",
        "name": "User76510c"
    },
    "accessToken": "Bearer eyJhbGciOiJIUzI1NiIsInR5cCI6IkpXVCJ9.eyJpZCI6IjY3OGI1NTg0OWVkMjgwMDAxYjU1MDVjMiIsImlhdCI6MTczNzE4NDY0NCwiZXhwIjoxNzM3MTg1ODQ0fQ.wqeCD3Sefhwi2dcMYFoHqxYr1tUlZwhO1GlWx6oZ9-Y",
    "refreshToken": "ce3ce541a621e9c9c34f73590f032929d797253dc1cbe9fca384476266e69f28a73b50a08167e879"
}
Запрос на обновление всех полей:
Токен авторизации: Bearer eyJhbGciOiJIUzI1NiIsInR5cCI6IkpXVCJ9.eyJpZCI6IjY3OGI1NTg0OWVkMjgwMDAxYjU1MDVjMiIsImlhdCI6MTczNzE4NDY0NCwiZXhwIjoxNzM3MTg1ODQ0fQ.wqeCD3Sefhwi2dcMYFoHqxYr1tUlZwhO1GlWx6oZ9-Y
Тело запроса: {"email":"user124ae3@yandex.ru", "name":"Usera31155", "password":"passaca6d7"}
Ответ после обновления всех полей:
{
    "success": true,
    "user": {
        "email": "user124ae3@yandex.ru",
        "name": "Usera31155"
    }
}
{
    "success": true,
    "user": {
        "email": "user124ae3@yandex.ru",
        "name": "Usera31155"
    }
}
Delete Response Code: 202
{
    "success": true,
    "message": "User successfully removed"
}
Delete Response Body:
{
    "success": true,
    "message": "User successfully removed"
}
Пользователь успешно удален
]]></system-out>
  </testcase>
  <testcase name="updateUserWithAuthorizationEmail" classname="testApi.UserDataUpdateTest" time="0.853">
    <system-out><![CDATA[Пользователь успешно создан: user12fb8c@yandex.ru
Response Code: 200
{
    "success": true,
    "user": {
        "email": "user12fb8c@yandex.ru",
        "name": "Userb0c80f"
    },
    "accessToken": "Bearer eyJhbGciOiJIUzI1NiIsInR5cCI6IkpXVCJ9.eyJpZCI6IjY3OGI1NTg1OWVkMjgwMDAxYjU1MDVjNCIsImlhdCI6MTczNzE4NDY0NSwiZXhwIjoxNzM3MTg1ODQ1fQ.TCOuE-NCNKoRzfkGnLUZZHKvG4uQjxH_OjeV6sCBA5A",
    "refreshToken": "cba6e3f0a072b800e41045244bfd83671d9094d0d3c6b10800dd0d76e59bdc7bb442aae60e199d56"
}
Response body:
{
    "success": true,
    "user": {
        "email": "user12fb8c@yandex.ru",
        "name": "Userb0c80f"
    },
    "accessToken": "Bearer eyJhbGciOiJIUzI1NiIsInR5cCI6IkpXVCJ9.eyJpZCI6IjY3OGI1NTg1OWVkMjgwMDAxYjU1MDVjNCIsImlhdCI6MTczNzE4NDY0NSwiZXhwIjoxNzM3MTg1ODQ1fQ.TCOuE-NCNKoRzfkGnLUZZHKvG4uQjxH_OjeV6sCBA5A",
    "refreshToken": "cba6e3f0a072b800e41045244bfd83671d9094d0d3c6b10800dd0d76e59bdc7bb442aae60e199d56"
}
Запрос на обновление email:
Токен авторизации: Bearer eyJhbGciOiJIUzI1NiIsInR5cCI6IkpXVCJ9.eyJpZCI6IjY3OGI1NTg1OWVkMjgwMDAxYjU1MDVjNCIsImlhdCI6MTczNzE4NDY0NSwiZXhwIjoxNzM3MTg1ODQ1fQ.TCOuE-NCNKoRzfkGnLUZZHKvG4uQjxH_OjeV6sCBA5A
Тело запроса: {"email":"user6d265c@yandex.ru", "name":"Userb0c80f", "password":"passb503ed"}
Ответ после обновления email:
{
    "success": true,
    "user": {
        "email": "user6d265c@yandex.ru",
        "name": "Userb0c80f"
    }
}
{
    "success": true,
    "user": {
        "email": "user6d265c@yandex.ru",
        "name": "Userb0c80f"
    }
}
Delete Response Code: 202
{
    "success": true,
    "message": "User successfully removed"
}
Delete Response Body:
{
    "success": true,
    "message": "User successfully removed"
}
Пользователь успешно удален
]]></system-out>
  </testcase>
  <testcase name="updateUserWithoutAuthorizationName" classname="testApi.UserDataUpdateTest" time="0.806">
    <system-out><![CDATA[Пользователь успешно создан: usera1f62d@yandex.ru
Response Code: 200
{
    "success": true,
    "user": {
        "email": "usera1f62d@yandex.ru",
        "name": "Userbb4126"
    },
    "accessToken": "Bearer eyJhbGciOiJIUzI1NiIsInR5cCI6IkpXVCJ9.eyJpZCI6IjY3OGI1NTg2OWVkMjgwMDAxYjU1MDVjNiIsImlhdCI6MTczNzE4NDY0NiwiZXhwIjoxNzM3MTg1ODQ2fQ.2RtQauhrIt6lGNSKY8GWM8n6cVpgRdCm4LjwK3iDLfk",
    "refreshToken": "c97b672ddd88d98f1da7514e1f2cca9efeb48f6e4d694a071070b94b752777b81776b390c5cc4249"
}
Response body:
{
    "success": true,
    "user": {
        "email": "usera1f62d@yandex.ru",
        "name": "Userbb4126"
    },
    "accessToken": "Bearer eyJhbGciOiJIUzI1NiIsInR5cCI6IkpXVCJ9.eyJpZCI6IjY3OGI1NTg2OWVkMjgwMDAxYjU1MDVjNiIsImlhdCI6MTczNzE4NDY0NiwiZXhwIjoxNzM3MTg1ODQ2fQ.2RtQauhrIt6lGNSKY8GWM8n6cVpgRdCm4LjwK3iDLfk",
    "refreshToken": "c97b672ddd88d98f1da7514e1f2cca9efeb48f6e4d694a071070b94b752777b81776b390c5cc4249"
}
Запрос на обновление name без авторизации:
Тело запроса: {"email":"usera1f62d@yandex.ru", "name":"Userae132e", "password":"pass921272"}
Ответ после обновления email:
{
    "success": false,
    "message": "You should be authorised"
}
{
    "success": false,
    "message": "You should be authorised"
}
Delete Response Code: 202
{
    "success": true,
    "message": "User successfully removed"
}
Delete Response Body:
{
    "success": true,
    "message": "User successfully removed"
}
Пользователь успешно удален
]]></system-out>
  </testcase>
  <testcase name="updateUserWithoutAuthorizationPassword" classname="testApi.UserDataUpdateTest" time="0.827">
    <system-out><![CDATA[Пользователь успешно создан: userdb0bef@yandex.ru
Response Code: 200
{
    "success": true,
    "user": {
        "email": "userdb0bef@yandex.ru",
        "name": "User6e5310"
    },
    "accessToken": "Bearer eyJhbGciOiJIUzI1NiIsInR5cCI6IkpXVCJ9.eyJpZCI6IjY3OGI1NTg3OWVkMjgwMDAxYjU1MDVjOCIsImlhdCI6MTczNzE4NDY0NywiZXhwIjoxNzM3MTg1ODQ3fQ.5NPd-ecHXU-GM77myFaJ_eYg8Y4L3foEVnI0IWeeThA",
    "refreshToken": "4e39c12657603548f4ff9d1bc74b10e7f5825d3de46adf453b02d006c2b6ea0f10b7b8c647274a84"
}
Response body:
{
    "success": true,
    "user": {
        "email": "userdb0bef@yandex.ru",
        "name": "User6e5310"
    },
    "accessToken": "Bearer eyJhbGciOiJIUzI1NiIsInR5cCI6IkpXVCJ9.eyJpZCI6IjY3OGI1NTg3OWVkMjgwMDAxYjU1MDVjOCIsImlhdCI6MTczNzE4NDY0NywiZXhwIjoxNzM3MTg1ODQ3fQ.5NPd-ecHXU-GM77myFaJ_eYg8Y4L3foEVnI0IWeeThA",
    "refreshToken": "4e39c12657603548f4ff9d1bc74b10e7f5825d3de46adf453b02d006c2b6ea0f10b7b8c647274a84"
}
Запрос на обновление password без авторизации:
Тело запроса: {"email":"userdb0bef@yandex.ru", "name":"User6e5310", "password":"pass529d8c"}
Ответ после обновления email:
{
    "success": false,
    "message": "You should be authorised"
}
{
    "success": false,
    "message": "You should be authorised"
}
Delete Response Code: 202
{
    "success": true,
    "message": "User successfully removed"
}
Delete Response Body:
{
    "success": true,
    "message": "User successfully removed"
}
Пользователь успешно удален
]]></system-out>
  </testcase>
  <testcase name="updateUserWithAuthorizationPassword" classname="testApi.UserDataUpdateTest" time="0.864">
    <system-out><![CDATA[Пользователь успешно создан: user686697@yandex.ru
Response Code: 200
{
    "success": true,
    "user": {
        "email": "user686697@yandex.ru",
        "name": "User86e15d"
    },
    "accessToken": "Bearer eyJhbGciOiJIUzI1NiIsInR5cCI6IkpXVCJ9.eyJpZCI6IjY3OGI1NTg4OWVkMjgwMDAxYjU1MDVjYSIsImlhdCI6MTczNzE4NDY0OCwiZXhwIjoxNzM3MTg1ODQ4fQ.IsoMnXXFAKU2xuXuPgNG5OKU5oO6rzSzy6GOTqxVrCY",
    "refreshToken": "6af1a4d28b098cdd9c40cded183aeab2fccf1218c5162ceb8b9db63f8699fe321d9aca8d4bd2542b"
}
Response body:
{
    "success": true,
    "user": {
        "email": "user686697@yandex.ru",
        "name": "User86e15d"
    },
    "accessToken": "Bearer eyJhbGciOiJIUzI1NiIsInR5cCI6IkpXVCJ9.eyJpZCI6IjY3OGI1NTg4OWVkMjgwMDAxYjU1MDVjYSIsImlhdCI6MTczNzE4NDY0OCwiZXhwIjoxNzM3MTg1ODQ4fQ.IsoMnXXFAKU2xuXuPgNG5OKU5oO6rzSzy6GOTqxVrCY",
    "refreshToken": "6af1a4d28b098cdd9c40cded183aeab2fccf1218c5162ceb8b9db63f8699fe321d9aca8d4bd2542b"
}
Запрос на обновление password:
Токен авторизации: Bearer eyJhbGciOiJIUzI1NiIsInR5cCI6IkpXVCJ9.eyJpZCI6IjY3OGI1NTg4OWVkMjgwMDAxYjU1MDVjYSIsImlhdCI6MTczNzE4NDY0OCwiZXhwIjoxNzM3MTg1ODQ4fQ.IsoMnXXFAKU2xuXuPgNG5OKU5oO6rzSzy6GOTqxVrCY
Тело запроса: {"email":"user686697@yandex.ru", "name":"User86e15d", "password":"pass6ba6e1"}
Ответ после обновления password:
{
    "success": true,
    "user": {
        "email": "user686697@yandex.ru",
        "name": "User86e15d"
    }
}
{
    "success": true,
    "user": {
        "email": "user686697@yandex.ru",
        "name": "User86e15d"
    }
}
Delete Response Code: 202
{
    "success": true,
    "message": "User successfully removed"
}
Delete Response Body:
{
    "success": true,
    "message": "User successfully removed"
}
Пользователь успешно удален
]]></system-out>
  </testcase>
  <testcase name="updateUserWithoutAuthorizationAllData" classname="testApi.UserDataUpdateTest" time="0.758">
    <system-out><![CDATA[Пользователь успешно создан: userc13b46@yandex.ru
Response Code: 200
{
    "success": true,
    "user": {
        "email": "userc13b46@yandex.ru",
        "name": "Usere0b9a2"
    },
    "accessToken": "Bearer eyJhbGciOiJIUzI1NiIsInR5cCI6IkpXVCJ9.eyJpZCI6IjY3OGI1NTg5OWVkMjgwMDAxYjU1MDVjYyIsImlhdCI6MTczNzE4NDY0OSwiZXhwIjoxNzM3MTg1ODQ5fQ.H2IVE1O66BeB65W0tN8UtDAl-f6dp6r2lXnc_5gldW0",
    "refreshToken": "b7d3ba9603561d3224c5426f1821597ccf2107075cab8e29aa7bd111a9374395b4fbd1943cc5d1b5"
}
Response body:
{
    "success": true,
    "user": {
        "email": "userc13b46@yandex.ru",
        "name": "Usere0b9a2"
    },
    "accessToken": "Bearer eyJhbGciOiJIUzI1NiIsInR5cCI6IkpXVCJ9.eyJpZCI6IjY3OGI1NTg5OWVkMjgwMDAxYjU1MDVjYyIsImlhdCI6MTczNzE4NDY0OSwiZXhwIjoxNzM3MTg1ODQ5fQ.H2IVE1O66BeB65W0tN8UtDAl-f6dp6r2lXnc_5gldW0",
    "refreshToken": "b7d3ba9603561d3224c5426f1821597ccf2107075cab8e29aa7bd111a9374395b4fbd1943cc5d1b5"
}
Запрос на обновление всех данных без авторизации:
Тело запроса: {"email":"user0bc5cf@yandex.ru", "name":"Usercad7dd", "password":"passf55376"}
Ответ после обновления email:
{
    "success": false,
    "message": "You should be authorised"
}
{
    "success": false,
    "message": "You should be authorised"
}
Delete Response Code: 202
{
    "success": true,
    "message": "User successfully removed"
}
Delete Response Body:
{
    "success": true,
    "message": "User successfully removed"
}
Пользователь успешно удален
]]></system-out>
  </testcase>
  <testcase name="updateUserWithoutAuthorizationEmail" classname="testApi.UserDataUpdateTest" time="0.75">
    <system-out><![CDATA[Пользователь успешно создан: user970e91@yandex.ru
Response Code: 200
{
    "success": true,
    "user": {
        "email": "user970e91@yandex.ru",
        "name": "User9cfce0"
    },
    "accessToken": "Bearer eyJhbGciOiJIUzI1NiIsInR5cCI6IkpXVCJ9.eyJpZCI6IjY3OGI1NTg5OWVkMjgwMDAxYjU1MDVjZSIsImlhdCI6MTczNzE4NDY0OSwiZXhwIjoxNzM3MTg1ODQ5fQ.Za6-a8njOOrQGm2UArIjLbCmPj_ipui4L0Vf84q8Ee8",
    "refreshToken": "2b2a7ffb45fd82831249452874154e29e24c35fbbcd03d5199136057030c162e3877edb47867b2d7"
}
Response body:
{
    "success": true,
    "user": {
        "email": "user970e91@yandex.ru",
        "name": "User9cfce0"
    },
    "accessToken": "Bearer eyJhbGciOiJIUzI1NiIsInR5cCI6IkpXVCJ9.eyJpZCI6IjY3OGI1NTg5OWVkMjgwMDAxYjU1MDVjZSIsImlhdCI6MTczNzE4NDY0OSwiZXhwIjoxNzM3MTg1ODQ5fQ.Za6-a8njOOrQGm2UArIjLbCmPj_ipui4L0Vf84q8Ee8",
    "refreshToken": "2b2a7ffb45fd82831249452874154e29e24c35fbbcd03d5199136057030c162e3877edb47867b2d7"
}
Запрос на обновление email без авторизации:
Тело запроса: {"email":"userb2e87d@yandex.ru", "name":"User9cfce0", "password":"passe61ea4"}
Ответ после обновления email:
{
    "success": false,
    "message": "You should be authorised"
}
{
    "success": false,
    "message": "You should be authorised"
}
Delete Response Code: 202
{
    "success": true,
    "message": "User successfully removed"
}
Delete Response Body:
{
    "success": true,
    "message": "User successfully removed"
}
Пользователь успешно удален
]]></system-out>
  </testcase>
</testsuite>